[   0.0000 Iniiaizg grp ubs cpuset
[   000000]nitiizing cgroup susys cpu
   0.00000] Itialing cgroup subsyscpucct
[   0.00000 Liuxversion 44.0-12-generic(build@lw01-a64-010)(g verio5.4. 201609 (untu .40-6butu1~1.04. ) #135Ubun SMP Fi Jan 19 1:4:36 UTC 2018 (Uunu 4.40-112.15-gneic.4.98)[    .000] CommanlineBOOTIMAG=/boot/mlnuz-.40-11generc root=LABL=loumgrofs rconse=ttyconslettyS0
[    0.000000 KERNELuppoted cpus
    0000]   tel nuneInel
[  0.0000]  AD thencAMD[    00000]  Ceaur ntauauls[   .000000]86/fpu: xsate_offst[2]:  76, tate_ses[2]:  256
[    0.000000] x86/fpu: Supporting XSAVE feature 0x01: 'x87loating point registrs
[   .00000 x/fu:Supotig SAVEfeaure 02: 'SS risters
    .0000] x86fp: Spprtg SAVE feaur 0x0: AVregisters'
[    0.000000] x86/fpu: Enabled xstate features 0x7 context size is 832 bytes, using 'standard' frmat.
[    0.000000] x86/fpu: Using 'lazy' FPU context swichs.
[    0.000000] e820: BIOSrovided physicalRA m:
[   00000] BIOS-e820: [mem 0x0000000000000x00000000fbf] uabe
[   .000000] BIOSe80: [em0x0000000009fc00-0x000000000009ffff rserved
   0.0000] BIOS-e80:[mm x000000000f0000-0x00000000000fffff] resrved[    0.0000] BIOSe80: [me 00000000000100000-0x00000000ffffff uab
[    0.000000] BIOSe80:me 0x000000003fff0000-0x000000003fffffff] ACPI data
[    .00000]BIS-e8: mem 0000000fe00000-0x000000000fec0ff reservd[   0.000] BIOS-e820: [mem 0x00000000fee000-0x00000fe00fff] reseved
[    .000000] BIOS-e820: [mem 0x00000000fffc0000-0x00000000ffffffff] reserved
[    0.00000] NX (Execute Disale) protection: active
[    0.00000] SMBIOS 2.5 present.
[    0.000000] Hypervisor detected: KM
[    0.00000] e820: last_pfn = 0x3fff0 max_arch_pn = 0x000000
[    0.000000] MTRR: Disabled
[    0.000000] x86/PAT: MTRRs disabled, skipping PAT initialization too.
[    0.000000] CPU MTRRs all blank - virtualized system.
[    0.000000] x86/PAT: Configuration [0-7]: WB  WT  UC- UC  WB  WT  UC- UC  
[    0.000000] found SMP MP-table at [mem 0x0009ff0-x009fff]mapped at [ffff88000009fff0]
[    0.000000] Scanning 1 areas for low memory corruption
[    0.000000] RAMDISK: [mem0x6adc0-0x37565fff]
[    0.0000] ACI:Ealy tablechecksu verfiationdiabed
[   0.0000 API: SD 00000000000E0000 000024 (02VBOX  )
[   0.000000] ACPI: XSDT 0x00000000FF0030 00003C (v01 VBOX   VBOXXDT 00000001 ASL  00000061)
[    0.000000] ACPI: FACP 0x000000003FFF00F0 0000F4 (v04 VBOX   VBOXFACP 00000001 ASL  00000061)
[    0.000000] ACPI: DSDT 0x000000003FFF0470 0021FF (v02 VBOX   VBOXBIOS 00000002 INTL 20100528)
[    0.000000] ACPI: FACS 0x000000003FFF0200 000040
    0.000000] ACPI: FACS 0x000000003FFF0200 000040
[    0.000000] ACPI: APIC 0x000000003FFF0240 00005C (v0 VOX  VBOXAPIC 00000001 ASL  00000061)
[    0.00000] ACPI: SSDT 0x0000003FF020 0001C v01 VBOX   VBOXCPUT 00000002 INTL 20100528)
[    0.000000] NoUMA nfiguaton foud
[   0.000000] Faking a node at mem 0x0000000000000000-0x000000003ffeffff]
[    0.000000] NODE_DATA(0) allocated [mem 0x3ffeb000-0x3ffeffff]
[    0.000000] kvmclock: Using msrs 4b564d01 and 4b564d00
[    0.000000] kvm-clock: cpu 0, msr 0:3ffe3001, prmary cpu clock
[    0.000000 km-clock: using sched offset of 5536440099 cycles
[    0.000000] clocksource: kvm-cck:  ask: 0xfffffffffffffff max_cyles 01c42e4dffb, max_idle_ns: 88159059483 ns
[    0.000000] Zone ranges:
[    000000]  DMA      [mem 0x000000000001000-0x0000000000ffffff]
[    0.000000]   DMA32    [mem 0x0000000001000000-0x000000003ffeffff]
[    0.000000]   Normal   empty
[    0.000000]   Device   empty
[    0.000000] Mvale zone start for each node
[    0.000000] Early memory node ranges
[    0.000000]   node   0: [mem 0x0000000000001000-0x000000000009efff]
[    0.000000]   noe   0: [mem 0x00000000010000-000000003feffff]
[    0.000000] Initmem setup node 0 [mem 0x0000000000001000-0x0000003ffeffff][   0.00000] ACPIPM-TmeIO Port:0x008
[   0000000] IOAPIC[0]: apic_id2, version32, address 0xfec00000, GSI 0-23
[    0.000000] ACPI: INT_SRC_OVR (bus 0 bus_irq 0 global_irq 2 dfl dfl)
[    0.000000] ACI: INTSR_OR (bus bus_rq9 glba_irq  low evel
    0000000] sing API(MAT)fo SP configuation information
[    0.000000] smpboot: Allowing 2 CPUs, 0 hotplug CPUs
[    0.000000] M: Regstered osav memor: mem x00000-0x0000ff
[   0.0000] PM:Ressterednoave meor: [mem 0x0009f000-0x000ffff]
[   .0000] P: egiserd nsae memory: [mem 0x000a0000-0x000effff]
[    0000000] PM: Registered nosave memory: [mem 0x000f0000-0x000fffff]
[   0.000000] 82 [mem 0x400000-0fefffff] availablefo PCI devices
[    0.00000] Booting paravirtualized kernel on KVM
[    .000000]clocksurce refne-jifie: mask: 0xffffffff max_cycles: 0xffffffff, max_idle_ns: 7645519600211568ns
[    0.000000] setup_percpu: NR_CPUS:512 nr_cpumask_bits:512  nr_cpu_ids:2 nr_node_ids:1
[    0.000000] PERCPU: Embedded 34 pages/cpu @ffff88003fc00000 s99544 r8192 d31528 u1048576
[    0.000000] PV qspinlock hash table entries: 256(order: 0, 4096 bytes)
[    0.000000] Built 1 zonelists in Node ordr, mobility grouping on.  Total pages: 257913
[    0.000000] Policy zone: DMA32
[    0.000000] Kernel command line: BOOT_IMAGE=/boot/vmlinuz-4.4.0-112-generic root=LABEL=cloudimg-rootfs ro console=tty1 console=tyS0
[    0.000000] PID hash table entries: 406 order: 3 3768 bytes)
[    0.000000] Memory: 1001740K/1048120K availble (8499K kernelcoe, 1309K rwdata, 3988K rodata, 1508K init, 1316K bss, 46380K reserved, 0K cma-reserved)
[    0.000000] SLUB: Walign=64, Order0-3, inObecs=, Us=2 Ndes=1
[   .00000 Kerel/Usr pae tables isolation: enabled
[    0.000000] Hierarchical RCU implementation.
[    0.000000] 	Build-time adjustment of lea fanout to 64.
[    0.000000] 	RCU restricting CPUs from NR_CPUS=512 to nr_cpu_ids=2.
[    0.000000] RCU: Adjusting geometry for rcu_fanout_leaf=64, nr_cpu_ids=2
[    0.000000] NR_IRQS:33024 nr_irqs:440 16
    0.000000] Console: colour VGA+ 80x25
[    0.000000] console [tty1] enabled
[    0.000000] console [ttyS0] enabled
[    0.000000] tsc: Detected 2494.346 MHz processor
[   15.458693] Calibrating delay loop (skipped) preset vlue.. 4988.69 BogoMIPS (lpj=9977384)
[   15.510896] pid_max: default: 32768 minimum: 301
[   15.532629] ACPI: Core revision 20150930
[   15.557041] ACPI: 2 ACPI AML tables successfully acquired and loaded
[   15.567591] Security Framework initialized
[   15.569231] Yama: becoming mindful.
[   15.570501] AppArmor: AppArmor initialized
[   15.590703] Dentry cache hash table entries: 131072 (order: 8, 1048576 bytes)
[   15.608586] Inode-cache hash table entries: 65536 (order: 7, 524288 bytes)
[   15.627482] Mount-cache hash table entries: 2048 (order: 2, 16384 bytes)
[   15.650229] Mountpoint-cache hash table entries: 2048 (order: 2, 16384 bytes)
[   15.655270] Initializing cgroup subsys io
[   15.657316] Initializing cgroup subsys memory
[   15.662570] Initializing cgroup subsys devices
[   15.686228] Initializing cgroup subsys freezer
[   15.697835] Initializing cgroup subsys net_cls
[   15.724750] Initializing cgroup subsys perf_event
[   15.730359] Initializing cgroup subsys net_prio
[   15.746157] Initializing cgroup subsys hugetlb
[   15.759518] Initializing cgroup subsys pids
[   15.765917] CPU: Physical Processor ID: 0
[   15.768117] CPU: Processor Core ID: 0
[   15.778027] FEATURE SPEC_CTRL Not Present
[   15.779909] mce: CPU supports 0 MCE banks
[   15.781972] Last level iTLB entries: 4KB 512, 2MB 8, 4MB 8
[   15.784556] Last level dTLB entries: 4KB 512, 2MB 32, 4MB 32, 1GB 0
[   15.790861] Freeing SMP alternatives memory: 32K
[   15.814435] ftrace: allocating 32180 entries in 126 pages
[   15.885310] smpboot: APIC(0) Converting physical 0 to logical package 0
[   15.952217] smpboot: Max logical packages: 1
[   15.997852] x2apic enabled
[   16.016164] Switched APIC routing to physical x2apic.
[   16.062699] ..TIMER: vector=0x30 apic1=0 pin1=2 apic2=-1 pin2=-1
[   16.192899] smpboot: CPU0: Intel(R) Core(TM) i5-2450M CPU @ 2.50GHz (family: 0x6, model: 0x2a, stepping: 0x7)
[   16.275591] Performance Events: unsupported p6 CPU model 42 no PMU driver, software events only.
[   16.333695] KVM setup paravirtual spinlock
[   16.395532] x86: Booting SMP configuration:
[   16.449467] .... node  #0, CPUs:      #1
[   16.483589] kvm-clock: cpu 1, msr 0:3ffe3041, secondary cpu clock
[   16.524377] mce: CPU supports 0 MCE banks
[   16.530530] x86: Booted up 1 node, 2 CPUs
[   16.547182] smpboot: Total of 2 processors activated (9977.38 BogoMIPS)
[   16.570523] devtmpfs: initialized
[   16.581091] evm: security.selinux
[   16.596713] evm: security.SMACK64
[   16.603914] evm: security.SMACK64EXEC
[   16.606124] evm: security.SMACK64TRANSMUTE
[   16.607865] evm: security.SMACK64MMAP
[   16.610109] evm: security.ima
[   16.612929] evm: security.capability
[   16.620537] clocksource: jiffies: mask: 0xffffffff max_cycles: 0xffffffff, max_idle_ns: 7645041785100000 ns
[   16.633939] futex hash table entries: 512 (order: 3, 32768 bytes)
[   16.643354] pinctrl core: initialized pinctrl subsystem
[   16.646114] RTC time: 22:57:14, date: 02/12/18
[   16.655380] NET: Registered protocol family 16
[   16.669193] cpuidle: using governor ladder
[   16.693395] cpuidle: using governor menu
[   16.700933] PCCT header not found.
[   16.704174] ACPI: bus type PCI registered
[   16.730262] acpiphp: ACPI Hot Plug PCI Controller Driver version: 0.5
[   16.740852] PCI: Using configuration type 1 for base access
[   16.758643] ACPI: Added _OSI(Module Device)
[   16.770384] ACPI: Added _OSI(Processor Device)
[   16.779039] ACPI: Added _OSI(3.0 _SCP Extensions)
[   16.785007] ACPI: Added _OSI(Processor Aggregator Device)
[   16.790576] ACPI: Executed 1 blocks of module-level executable AML code
[   16.799150] ACPI: Interpreter enabled
[   16.810904] ACPI: (supports S0 S5)
[   16.812394] ACPI: Using IOAPIC for interrupt routing
[   16.825043] PCI: Using host bridge windows from ACPI; if necessary, use "pci=nocrs" and report a bug
[   16.863333] ACPI: PCI Root Bridge [PCI0] (domain 0000 [bus 00-ff])
[   16.875514] acpi PNP0A03:00: _OSC: OS supports [ASPM ClockPM Segments MSI]
[   16.879104] acpi PNP0A03:00: _OSC: not requesting OS control; OS requires [ExtendedConfig ASPM ClockPM MSI]
[   16.916470] acpi PNP0A03:00: fail to add MMCONFIG information, can't access extended PCI configuration space under this bridge.
[   17.003899] PCI host bridge to bus 0000:00
[   17.046375] pci_bus 0000:00: root bus resource [io  0x0000-0x0cf7 window]
[   17.089437] pci_bus 0000:00: root bus resource [io  0x0d00-0xffff window]
[   17.100808] pci_bus 0000:00: root bus resource [mem 0x000a0000-0x000bffff window]
[   17.110196] pci_bus 0000:00: root bus resource [mem 0x40000000-0xfdffffff window]
[   17.128729] pci_bus 0000:00: root bus resource [bus 00-ff]
[   17.155142] pci 0000:00:01.1: legacy IDE quirk: reg 0x10: [io  0x01f0-0x01f7]
[   17.210811] pci 0000:00:01.1: legacy IDE quirk: reg 0x14: [io  0x03f6]
[   17.257339] pci 0000:00:01.1: legacy IDE quirk: reg 0x18: [io  0x0170-0x0177]
[   17.307855] pci 0000:00:01.1: legacy IDE quirk: reg 0x1c: [io  0x0376]
[   17.359967] pci 0000:00:07.0: quirk: [io  0x4000-0x403f] claimed by PIIX4 ACPI
[   17.406270] pci 0000:00:07.0: quirk: [io  0x4100-0x410f] claimed by PIIX4 SMB
[   17.444851] ACPI: PCI Interrupt Link [LNKA] (IRQs 5 9 10 *11)
[   17.477842] ACPI: PCI Interrupt Link [LNKB] (IRQs 5 9 *10 11)
[   17.529359] ACPI: PCI Interrupt Link [LNKC] (IRQs 5 *9 10 11)
[   17.559894] ACPI: PCI Interrupt Link [LNKD] (IRQs 5 9 10 *11)
[   17.572716] ACPI: Enabled 2 GPEs in block 00 to 07
[   17.613491] vgaarb: setting as boot device: PCI:0000:00:02.0
[   17.655278] vgaarb: device added: PCI:0000:00:02.0,decodes=io+mem,owns=io+mem,locks=none
[   17.705968] vgaarb: loaded
[   17.718376] vgaarb: bridge control possible 0000:00:02.0
[   17.744090] SCSI subsystem initialized
[   17.779810] ACPI: bus type USB registered
[   17.797635] usbcore: registered new interface driver usbfs
[   17.841161] usbcore: registered new interface driver hub
[   17.854625] usbcore: registered new device driver usb
[   17.888259] PCI: Using ACPI for IRQ routing
[   17.904812] NetLabel: Initializing
[   17.908163] NetLabel:  domain hash size = 128
[   17.916920] NetLabel:  protocols = UNLABELED CIPSOv4
[   17.919772] NetLabel:  unlabeled traffic allowed by default
[   17.930050] amd_nb: Cannot enumerate AMD northbridges
[   17.939665] clocksource: Switched to clocksource kvm-clock
[   17.962724] AppArmor: AppArmor Filesystem Eabed[  10707 p: P ACP it  8.34] p: P PI: fun3 evce

[   19.195040] clocksource: acpi_pm: mask: 0xffffff max_cycles: 0xffffff, max_idle_ns: 2085701024 ns
[   19.203171] NET: Registered protocol family 2
[   19.213041] TCP established hash table entries: 8192 (order: 4, 65536 bytes)
[   19.218634] TCP bind hash table entries: 8192 (order: 5, 131072 bytes)
[   19.230903] TCP: Hash tables configured (established 8192 bind 8192)
[   19.234173] UDP hash table entries: 512 (order: 2, 16384 bytes)
[   19.243516] UDP-Lite hash table entries: 512 (order: 2, 16384 bytes)
[   19.246085] NET: Registered protocol family 1
[   19.251073] pci 0000:00:00.0: Limiting direct PCI/PCI transfers
[   19.257624] pci 0000:00:01.0: Activating ISA DMA hang workarounds
[   19.278345] Unpacking initramfs...
[   22.812764] Freeing initrd memory: 10792K
[   22.823182] RAPL PMU detected, API unit is 2^-32 Joules, 3 fixed counters 10737418240 ms ovfl timer
[   22.832900] hw unit of domain pp0-core 2^-0 Joules
[   22.850002] hw unit of domain package 2^-0 Joules
[   22.860012] hw unit of domain pp1-gpu 2^-0 Joules
[   22.863789] platform rtc_cmos: registered platform RTC device (no PNP device found)
[   22.872351] Scanning for low memory corruption every 60 seconds
[   22.879543] audit: initializing netlink subsys (disabled)
[   22.885221] audit: type=2000 audit(1518476230.545:1): initialized
[   22.890384] Initialise system trusted keyring
[   22.898690] HugeTLB registered 2 MB page size, pre-allocated 0 pages
[   22.909926] zbud: loaded
[   22.927103] VFS: Disk quotas dquot_6.6.0
[   22.930066] VFS: Dquot-cache hash table entries: 512 (order 0, 4096 bytes)
[   22.952870] squashfs: version 4.0 (2009/01/31) Phillip Lougher
[   22.973204] fuse init (API version 7.23)
[   22.979495] Key type big_key registered
[   22.988612] Allocating IMA MOK and blacklist keyrings.
[   23.023984] Key type asymmetric registered
[   23.032938] Asymmetric key parser 'x509' registered
[   23.039031] Block layer SCSI generic (bsg) driver version 0.4 loaded (major 249)
[   23.043278] io scheduler noop registered
[   23.079247] io scheduler deadline registered (default)
[   23.088196] io scheduler cfq registered
[   23.097734] pci_hotplug: PCI Hot Plug PCI Core version: 0.5
[   23.103615] pciehp: PCI Express Hot Plug Controller Driver version: 0.4
[   23.121572] ACPI: AC Adapter [AC] (on-line)
[   23.133077] input: Power Button as /devices/LNXSYSTM:00/LNXPWRBN:00/input/input0
[   23.161034] ACPI: Power Button [PWRF]
[   23.171594] input: Sleep Button as /devices/LNXSYSTM:00/LNXSLPBN:00/input/input1
[   23.184346] ACPI: Sleep Button [SLPF]
[   23.198623] GHES: HEST is not enabled!
[   23.202617] Serial: 8250/16550 driver, 32 ports, IRQ sharing enabled
[   23.235179] 00:02: ttyS0 at I/O 0x3f8 (irq = 4, base_baud = 115200) is a 16550A
[   23.256371] Linux agpgart interface v0.103
[   23.268788] loop: module loaded
[   23.280042] scsi host0: ata_piix
[   23.288473] scsi host1: ata_piix
[   23.302156] ata1: PATA max UDMA/33 cmd 0x1f0 ctl 0x3f6 bmdma 0xd000 irq 14
[   23.315458] ata2: PATA max UDMA/33 cmd 0x170 ctl 0x376 bmdma 0xd008 irq 15
[   23.327413] libphy: Fixed MDIO Bus: probed
[   23.337456] tun: Universal TUN/TAP device driver, 1.6
[   23.341513] tun: (C) 1999-2004 Max Krasnyansky <maxk@qualcomm.com>
[   23.353688] PPP generic driver version 2.4.2
[   23.369184] ehci_hcd: USB 2.0 'Enhanced' Host Controller (EHCI) Driver
[   23.372573] ehci-pci: EHCI PCI platform driver
[   23.380652] ehci-platform: EHCI generic platform driver
[   23.390265] ohci_hcd: USB 1.1 'Open' Host Controller (OHCI) Driver
[   23.421502] ohci-pci: OHCI PCI platform driver
[   23.434744] ohci-platform: OHCI generic platform driver
[   23.449960] uhci_hcd: USB Universal Host Controller Interface driver
[   23.485635] i8042: PNP: PS/2 Controller [PNP0303:PS2K,PNP0f03:PS2M] at 0x60,0x64 irq 1,12
[   23.519603] serio: i8042 KBD port at 0x60,0x64 irq 1
[   23.533715] serio: i8042 AUX port at 0x60,0x64 irq 12
[   23.538101] mousedev: PS/2 mouse device common for all mice
[   23.550955] input: AT Translated Set 2 keyboard as /devices/platform/i8042/serio0/input/input2
[   23.555585] rtc_cmos rtc_cmos: rtc core: registered rtc_cmos as rtc0
[   235886rtcms rtc_cmos: alarms up to one day, 114 bytes nvram
[ 23.860186] tsc: Refined TSC clocksource calibration: 2495.134 MHz

[   23.860195] clocksource: tsc: mask: 0xffffffffffffffff max_cycles: 0x23f744f38dd, max_idle_ns: 440795220706 ns
[  293166]i2 /v tries driver

[   24.278716] deic-mppr: uevent: version 1.0.3

[   24.419722] device-mapper: ioctl: 4.34.0-ioctl (2015-10-28) initialised: dm-devel@redhat.com
[   24.424677] ledtrig-cpu: registered to indicate activity on CPUs
[   24.429901] NET: Registered protocol family 10
[   24.433850] NET: Registered protocol family 17
[   24.440751] Key type dns_resolver registered
[   24.446018] microcode: CPU0 sig=0x206a7, pf=0x10, revision=0x0
[   24.449870] microcode: CPU1 sig=0x206a7, pf=0x10, revision=0x0
[   24.464717] microcode: Microcode Update Driver: v2.01 <tigran@aivazian.fsnet.co.uk>, Peter Oruba
[   24.484934] registered taskstats version 1
[   24.488832] Loading compiled-in X.509 certificates
[   24.494091] Loaded X.509 cert 'Build time autogenerated kernel key: 4c603087bab8f0a02cb3b4e1fb4c40f507e71ef1'
[   24.499771] zswap: loaded using pool lzo/zbud
[   24.512299] Key type trusted registered
[   24.533907] Key type encrypted registered
[   24.546048] AppArmor: AppArmor sha1 policy hashing enabled
[   24.561878] ima: No TPM chip found, activating TPM-bypass!
[   24.571991] evm: HMAC attrs: 0x1
[   24.574613]   Magic number: 6:653:1007
[   24.579375] rtc_cmos rtc_cmos: setting system clock to 2018-02-12 22:57:22 UTC (1518476242)
[   24.598830] BIOS EDD facility v0.16 2004-Jun-25, 0 devices found
[   24.605555] EDD information not available.
[   24.609448] Freeing unused kernel memory: 1508K
[   24.619799] Write protecting the kernel read-only data: 14336k
[   24.625876] Freeing unused kernel memory: 1728K
[   24.630196] Freeing unused kernel memory: 108K
Loading, please wait...
starting version[   24.656543] random: systemd-udevd: uninitialized urandom read (16 bytes read, 4 bits of entropy available)
 229
[   24.657519] random: udevadm: uninitialized urandom read (16 bytes read, 4 bits of entropy available)
[   24.657573] random: udevadm: uninitialized urandom read (16 bytes read, 4 bits of entropy available)
[   24.682147] random: udevadm: uninitialized urandom read (16 bytes read, 4 bits of entropy available)
[   24.682255] random: udevadm: uninitialized urandom read (16 bytes read, 4 bits of entropy available)
[   24.682543] random: udevadm: uninitialized urandom read (16 bytes read, 4 bits of entropy available)
[   24.682657] random: udevadm: uninitialized urandom read (16 bytes read, 4 bits of entropy available)
[   24.682843] random: udevadm: uninitialized urandom read (16 bytes read, 4 bits of entropy available)
[   24.683003] random: udevadm: uninitialized urandom read (16 bytes read, 4 bits of entropy available)
[   24.683147] random: udevadm: uninitialized urandom read (16 bytes read, 4 bits of entropy available)
[   24.881190] Fusion MPT base driver 3.04.20
[   24.885887] Copyright (c) 1999-2008 LSI Corporation
[   24.889075] e1000: Intel(R) PRO/1000 Network Driver - version 7.3.21-k8-NAPI
[   24.898328] e1000: Copyright (c) 1999-2006 Intel Corporation.
[   24.957923] AVX version of gcm_enc/dec engaged.
[   24.962003] AES CTR mode by8 optimization enabled
[   24.973349] Fusion MPT SPI Host driver 3.04.20
[   25.236894] input: ImExPS/2 Generic Explorer Mouse as /devices/platform/i8042/serio1/input/input4
[   25.485389] e1000 0000:00:03.0 eth0: (PCI:33MHz:32-bit) 02:69:07:7b:a1:bd
[   25.972274] e1000 0000:00:03.0 eth0: Intel(R) PRO/1000 Network Connection
[   26.125461] mptbase: ioc0: Initiating bringup
[   26.126859] e1000 0000:00:03.0 enp0s3: renamed from eth0
[   26.220161] ioc0: LSI53C1030 A0: Capabilities={Initiator}
[   26.414720] scsi host2: ioc0: LSI53C1030 A0, FwRev=00000000h, Ports=1, MaxQ=256, IRQ=20
[   26.600637] scsi 2:0:0:0: Direct-Access     VBOX     HARDDISK         1.0  PQ: 0 ANSI: 5
[   27.415938] scsi target2:0:0: Beginning Domain Validation
[   27.489367] scsi target2:0:0: Domain Validation skipping write tests
[   27.500661] scsi target2:0:0: Ending Domain Validation
[   27.561982] scsi target2:0:0: asynchronous
[   27.577081] scsi 2:0:1:0: Direct-Access     VBOX     HARDDISK         1.0  PQ: 0 ANSI: 5
[   27.636918] scsi target2:0:1: Beginning Domain Validation
[   27.670832] scsi target2:0:1: Domain Validation skipping write tests
[   28.735895] scsi target2:0:1: Ending Domain Validation
[   28.736097] floppy0: no floppy controllers found
[   28.736173] work still pending
[   28.828307] scsi target2:0:1: asynchronous
[   28.847808] sd 2:0:0:0: Attached scsi generic sg0 type 0
[   28.897066] sd 2:0:0:0: [sda] 20971520 512-byte logical blocks: (10.7 GB/10.0 GiB)
[   28.902429] sd 2:0:1:0: [sdb] 20480 512-byte logical blocks: (10.5 MB/10.0 MiB)
[   28.942998] sd 2:0:1:0: Attached scsi generic sg1 type 0
[   28.966736] sd 2:0:0:0: [sda] Write Protect is off
[   28.990125] sd 2:0:1:0: [sdb] Write Protect is off
[   29.007085] sd 2:0:0:0: [sda] Incomplete mode parameter data
[   29.012886] sd 2:0:0:0: [sda] Assuming drive cache: write through
[   29.013341] sd 2:0:1:0: [sdb] Incomplete mode parameter data
[   29.013342] sd 2:0:1:0: [sdb] Assuming drive cache: write through
[   29.066600] sd 2:0:1:0: [sdb] Attached SCSI disk
[   29.758052]  sda: sda1
[   29.762918] sd 2:0:0:0: [sda] Attached SCSI disk
Begin: Loading essential drivers ... [   31.622788] md: linear personality registered for level -1
[   31.644694] md: multipath personality registered for level -4
[   31.710982] md: raid0 personality registered for level 0
[   31.768752] md: raid1 personality registered for level 1
[   31.859816] raid6: sse2x1   gen()  3895 MB/s
[   31.940077] raid6: sse2x1   xor()  3105 MB/s
[   32.063883] raid6: sse2x2   gen()  4480 MB/s
[   32.139772] raid6: sse2x2   xor()  2840 MB/s
[   32.235957] raid6: sse2x4   gen()  4099 MB/s
[   32.316111] raid6: sse2x4   xor()  2968 MB/s
[   32.337162] raid6: using algorithm sse2x2 gen() 4480 MB/s
[   32.351668] raid6: .... xor() 2840 MB/s, rmw enabled
[   32.372575] raid6: using ssse3x2 recovery algorithm
[   32.385175] xor: automatically using best checksumming function:
[   32.439903]    avx       : 12645.000 MB/sec
[   32.446708] async_tx: api initialized (async)
[   32.485142] md: raid6 personality registered for level 6
[   32.514333] md: raid5 personality registered for level 5
[   32.519865] md: raid4 personality registered for level 4
[   32.549471] md: raid10 personality registered for level 10
done.
Begin: Running /scripts/init-premount ... done.
Begin: Mounting root file system ... Begin: Running /scripts/local-top ... done.
Begin: Running /scripts/local-premount ... [   32.620688] Btrfs loaded
Scanning for Btrfs filesystems
done.
Warning: fsck not present, so skipping root file[   32.708959] EXT4-fs (sda1): mounted filesystem with ordered data mode. Opts: (null)
 system
done.
Begin: Running /scripts/local-bottom ... done.
Begin: Running /scripts/init-bottom ... done.
[   33.470954] random: nonblocking pool is initialized
[   34.542151] systemd[1]: systemm 229 running in system mode. (+PAM +AUDIT +SELINUX +IMA +APPARMOR +SMACK +SYSVINIT +UTMP +LIBCRYPTSETUP +GCRYPT +GNUTLS +ACL +XZ -LZ4 +SECCOMP +BLKID +ELFUTILS +KMOD -IDN)
[   34.627082] systemd[1]: Detected virtualization oracle.
[   34.645259] systemd[1]: Detected architecture x86-64.

Welcome to [1mUbuntu 16.04.3 LTS[0m!

[   34.3461 systemd[]:Se htne to <ubutu>.

[ 351777] systemd[1]: Initializing machine ID fro rdom enatr.

[   35.603145] systemd[1]: Installed transient /etc/machine-id file.
[   37.416619] systemd[1]: Created slice User and Session Slice.
[[0;32m  OK  [0m] Created slice User and Session Slice.
[   .566] ysted[: eachedtaetwa
[[0;32m  OK  [0m] Reached target Swap.
[   3808473 syte[1]: Listening on /devinictl Compatibility Named Pipe.

[[0;32m  OK  [0m] Listening on /dev/initctl Compatibility Named Pipe.
[   38.385838] systemd[1]: Reached target User and Group Name Lookups.
[[0;32m  OK  [0m] Reached target User and Group Name Lookups.
[   38.424380] systemd[1]: Started Forward Password Requests to Wall Directory Watch.
[[0;32m  OK  [0m] Started Forward Password Requests to Wall Directory Watch.
[   38.487853] systemd[1]: Listening on Device-mapper event dem FFOs.

[[0;32m  OK  [0m] Listening on Device-mapper event daemon FIFOs.
[ 38.6646 sstemd[1 Lstin o LVM2 etdaa emn ocet

[[0;32m  OK  [0m] Listening on LVM2 metadata daemon socket.
[   39.475684] sstmd]: Listening on Journal Socket (/dev/log).

[[0;32m  OK  [0m] Listening on Journal Socket (/dev/log).
[   39.648691] systemd[1]: Listening on Syslog Socket.
[[0;32m  OK  [0m] Listening on Syslog Socket.
[   39.659287] systemd[1]: Started Trigger resolvconf update for networkd DNS.
[[0;32m  OK  [0m] Started Trigger resolvconf update for networkd DNS.
[   39.669247] systemd[1]: Set up automount Arbitrary Executable File Formats File System Automount Point.
[[0;32m  OK  [0m] Set up automount Arbitrary Executab...ats File System Automount Point.
[   39.692739] systemd[1]: Listening on Journal Socket.
[[0;32m  OK  [0m] Listening on Journal Socket.
[   39.707657] systemd[1]: Listening on udev Kernel Socket.
[[0;32m  OK  [0m] Listening on uuev Kernel Socket.
[   39.718390] systemd[1]: Lisenngon udev Control Socket.
[[0;32m  OK  [0m] Listening on udev Control Socket.
[  395081] systemd[1]: Reched trget Encrypted Volumes.

[[0;32m  OK  [0m] Reached target Encrypted Volumes.
[ 402042 stemd[1]:Lieng on JounaAudi Socket.
[[0;32m  OK  [0m] Listening on Journal Audit Socket.
[   40.752472] systemd[1]: Listening on LVM2 poll daemon socket.
[[0;32m  OK  [0m] Listening on LVM2 poll daemon socket.
[  40.796811] system[1: reted slice System Slice.

[[0;32m  OK  [0m] Created slice System Slice.
[   41.072091] systemd[1]: Starting Remount Root and Kernel File Systems...
         Starting Remount Root and Kernel File Systems...
[   41.103948] systemd[1]: Mounting Debug File System...
         Mounting Debug File System...
[   41.139313] systemd[1]: Starting Set console keymap...
         Starting Set console keymap...
[   41.176663] EXT4-fs (sda1): re-mounted. Opts: (null)
[   41.276127] systemd[1]: Starting Load Kernel Modules...
         Starting Load Kernel Modules...
[   41.294404] systemd[1]: Starting Monitoring of LVM2 mirrors, snapshots etc. using dmeventd or progress polling...
         Starting Monitoring of LVM2 mirrors... dmeventd or progress polling...
[   41.320981] sysem[1: Cratd slice ysemserialx2gety.sle.

[[0;32m  OK  [0m] Created slice system-serial\x2dgetty.slice.
[   41.85206] systemd[1]: Reached target Slices

[[0;32m  OK  [0m] Reached target Slices.
[   41.960568] systemd[1]: Starting Uncomplicated firewall...
         Starting Uncomplicated firewall...
[   42.036408] systemd[1]: Starting Create list of required static device nodes for the current kernel...
         Starting Create list of required st... nodes for[   42.104371] Loading iSCSI transport class v2.0-870.
 the current kernel...
[   42.265522] systemd[1]: Mounting Huge Pages File System...
         Mounting Huge Pages File System...
[   42.325893] iscsi: registered transport (tcp)
[   42.360677] systemd[1]: Starting Journal Service...
         Starting Journal Service...
[   42.372211] systemd[1]: Starting Nameserver information manager...
         Starting Nameserver information manager...
[   42.432399] systemd[1]: Mounting POSIX Message Queue File System...
         Mounting POSIX Message Queue File System...
[   42.490968] ysem[1 Mntd Deg ile Ste
[[0;32m  OK  [0m] Mounted Debug File System.
[   43.022643] systemd[1]: Mounted Huge Pages File System.
[[0;32m  OK  [0m] Mounted Huge Pages File System.
[   43.080550] systemd[1]: Mounted POSIX Message Queue File System.
[[0;32m  OK  [0m] Mounted POSIX Message Queue File System.
[   43.166769] systemd[1]: Started Remount Root and Kernel File Systems.
[[0;32m  OK  [0m] Started Remount Root and Kernel File Systems.
[   43.187967] systemd[1]: Started Set console keymap.
[[0;32m  OK  [0m] Started Set console keymap.
[   43.213999] systemd[1]: Started Uncomplicated firewall.
[[0;32m  OK  [0m] Started Uncomplicated firewall.
[   43.246098] systemd[1]: Started Create list of required static device nodes for the current kernel.
[   43.272602] iscsi: registered transport (iser)
[[0;32m  OK  [0m] Started Create list of required sta...ce nodes for the current kernel.
[   43.323380] systemd[1]: Started Load Kernel Modules.
[[0;32m  OK  [0m] Started Load Kernel Modules.
[   43.357550] systemd[1]: Started Journal Service.
[[0;32m  OK  [0m] Started Journal Service.
[[0;32m  OK  [0m] Started Nameserver information manager.
[[0;32m  OK  [0m] Started LVM2 metadata daemon.
         Mounting FUSE Control File System...
         Starting Apply Kernel Variables...
         Starting Create Static Device Nodes in /dev...
         Starting udev Coldplug all Devices...
         Starting Load/Save Random Seed...
         Starting Flush Journal to Persistent Storage...
         Starting Initial cloud-init job (pre-networking)...
[[0;32m  OK  [0m] Mounted FUSE Control File System.
[[0;32m  OK  [0m] Started udev Coldplug all Devices.
[[0;32m  OK  [0m] Started Load/Save Random Seed.
[   44.049730] systemd-journald[402]: Received request to flush runtime journal from PID 1
[[0;32m  OK  [0m] Started Apply Kernel Variables.
[[0;32m  OK  [0m] Started Flush Journal to Persistent Storage.
[[0;32m  OK  [0m] Started Monitoring of LVM2 mirrors,...ng dmeventd or progress polling.
[[0;32m  OK  [0m] Started Create Static Device Nodes in /dev.
         Starting udev Kernel Device Manager...
[[0;32m  OK  [0m] Started udev Kernel Device Manager.
[[0;32m  OK  [0m] Reached target Local File Systems (Pre).
[[0;32m  OK  [0m] Reached target Local File Systems.
         Starting Set console font and keymap...
         Starting Tell Plymouth To Write Out Runtime Data...
         Starting Create Volatile Files and Directories...
         Starting Commit a transient machine-id on disk...
         Starting LSB: AppArmor initialization...
[[0;32m  OK  [0m] Started Dispatch Password Requests to Console Directory Watch.
[[0;32m  OK  [0m] Started Commit a transient machine-id on disk.
[[0;32m  OK  [0m] Started Tell Plymouth To Write Out Runtime Data.
[[0;32m  OK  [0m] Started Create Volatile Files and Directories.
[[0;32m  OK  [0m] Found device /dev/ttyS0.
         Starting Update UTMP about System Boot/Shutdown...
[[0;32m  OK  [0m] Reached target System Time Synchronized.
[[0;32m  OK  [0m] Started Update UTMP about System Boot/Shutdown.
[[0;32m  OK  [0m] Listening on Load/Save RF Kill Switch Status /dev/rfkill Watch.
[[0;32m  OK  [0m] Started LSB: AppArmor initialization.
[[0;32m  OK  [0m] Started Set console font and keymap.
[[0;32m  OK  [0m] Created slice system-getty.slice.
[   38.634375] cloud-init[447]: Cloud-init v. 17.1 running 'init-local' at Mon, 12 Feb 2018 22:57:53 +0000. Up 37.86 seconds.
[[0;32m  OK  [0m] Started Initial cloud-init job (pre-networking).
[[0;32m  OK  [0m] Reached target Network (Pre).
         Starting Raise network interfaces...
[[0;32m  OK  [0m] Started Raise network interfaces.
[[0;32m  OK  [0m] Reached target Network.
         Starting Initial cloud-init job (metadata service crawler)...
[   43.185642] cloud-init[941]: Cloud-init v. 17.1 running 'init' at Mon, 12 Feb 2018 22:57:55 +0000. Up 40.09 seconds.
[   43.249063] cloud-init[941]: ci-info: +++++++++++++++++++++++++++++++++++++Net device info+++++++++++++++++++++++++++++++++++++
[[0;32m  OK  [0m] Started Initial cloud-init job (metadata service crawler).
[   43.286582] cloud-init[941]: ci-info: +--------+------+---------------------------+---------------+-------+-------------------+
[   43.330674] cloud-init[941]: ci-info: | Device |  Up  |          Address          |      Mask     | Scope |     Hw-Address    |
[[0;32m  OK  [0m] Reached target System Initialization.
[   43.330968] cloud-init[941]: ci-info: +--------+------+---------------------------+---------------+-------+-------------------+
[   43.526224] cloud-init[941]: ci-info: | enp0s3 | True |         10.0.2.15         | 255.255.255.0 |   .   | 02:69:07:7b:a1:bd |
[[0;32m  OK  [0m] Listening on D-Bus System Message Bus Socket.
[   43.526478] cloud-init[941]: ci-info: | enp0s3 | True | fe80::69:7ff:fe7b:a1bd/64 |       .       |  link | 02:69:07:7b:a1:bd |
[   43.587190] cloud-init[941]: ci-info: |   lo   | True |         127.0.0.1         |   255.0.0.0   |   .   |         .         |
[   43.600675] cloud-init[941]: ci-info: |   lo   | True |          ::1/128          |       .       |  host |         .         |
[   43.624935] cloud-init[941]: ci-info: +--------+------+---------------------------+---------------+-------+-------------------+
[   43.647637] cloud-init[941]: ci-info: +++++++++++++++++++++++++++Route IPv4 info++++++++++++++++++++++++++++
[   43.648344] cloud-init[941]: ci-info: +-------+-------------+----------+---------------+-----------+-------+
[[0;32m  OK  [0m] Started ACPI Events Check.
[   43.648720] cloud-init[941]: ci-info: | Route | Destination | Gateway  |    Genmask    | Interface | Flags |
[   43.669812] [cloud-init[0;32m  OK  [0m[941]: ] ci-info: +-------+-------------+----------+---------------+-----------+-------+Reached target Paths.

[   43.670454] cloud-init[941]: ci-info: |   0   |   0.0.0.0   | 10.0.2.2 |    0.0.0.0    |   enp0s3  |   UG  |
[[0;32m  OK  [0m] Listening on UUID daemon activation socket.
         Starting Socket activation for snappy daemon.
[   43.716714] cloud-init[941]: ci-info: |   1   |   10.0.2.0  | 0.0.0.0  | 255.255.255.0 |   enp0s3  |   U   |
[   43.804918] cloud-init[941]: ci-info: +-------+-------------+----------+---------------+-----------+-------+
[   43.805691] cloud-init[941]: Generating public/private rsa key pair.
[[0;32m  OK  [0m] Started Daily Cleanup of Temporary Directories.
[   43.806704] cloud-init[941]: Your identification has been saved in /etc/ssh/ssh_host_rsa_key.
[[0;32m  OK  [0m] Listening on ACPID Listen Socket.
[   44.078143] cloud-init[941]: Your public key has been saved in /etc/ssh/ssh_host_rsa_key.pub.
[   44.135968] cloud-init[941]: The key fingerprint is:
[   44.136735] cloud-init[941]: SHA256:8keWZxAoZYXRdTO7vTfy1otf5Ek3etVvfxPVS+GVEZE root@ubuntu-xenial
[   44.137118] cloud-init[941]: The key's randomart image is:
[[0;32m  OK  [0m] Started Timer to automatically refresh installed snaps.
[   44.137267] cloud-init[941]: +---[RSA 2048]----+
[   44.179267] cloud-init[941]: |       .+*o.. ++*|
[   44.216714] cloud-init[941]: |      ..o .. . E.|
[   44.217442] cloud-init[941]: |       .  .   o +|
         Starting LXD - unix socket.
[[   44.217910] cloud-init[941]: ||          o   =+|
[   44.246593] cloud-init[941]: |      . S + o ooO|
[0;32m  OK  [0m] Reached target Network is Online.
[   44.246883] cloud-init[941]: |       o o o  o=B|
[   44.334043] cloud-init[941]: |        . .  o =O|
[   44.335020] cloud-init[941]: |         .    =+B|
         Starting iSCSI initiator daemon (iscsid)...
[   44.335406] cloud-init[941]: |             .o+=|
[[   44.409516] cloud-init[941]: +----[SHA256]-----+
[   44.410033] cloud-init[941]: Generating public/private dsa key pair.
[0;32m  OK  [0m] Started Daily apt download activities.
[   44.410394] cloud-init[941]: Your identification has been saved in /etc/ssh/ssh_host_dsa_key.
[[0;32m  OK  [0m] Started Daily apt upgrade and clean activities.
[   44.440755] cloud-init[941]: Your public key has been saved in /etc/ssh/ssh_host_dsa_key.pub.
[   44.591952] cloud-init[941]: The key fingerprint is:
[[0;32m  OK  [0m] Reached target Timers.
[   44.592296] cloud-init[941]: SHA256:Gz+qf7eAwjWcf6gnE5DjruHRHnx8wv6HwgrV/UZTTZQ root@ubuntu-xenial
[   44.676758] cloud-init[941]: The key's randomart image is:
[   44.677413] cloud-init[941]: +---[DSA 1024]----+
[[0;32m  OK  [0m] Reached target Cloud-config availability.
[   44.677854] cloud-init[941]: |               .+|
[   44.729416] cloud-init[941]: |               E |
[   44.730107] cloud-init[941]: |       .      . .|
[[0;32m  OK  [0m] Listening on Socket activation for snappy daemon.
[   44.730514] cloud-init[941]: |      +o o   .   |
[   44.797473] cloud-init[941]: |     ..oS . o    |
[[0;32m  OK  [0m] Listening on LXD - unix socket.
[   44.797783] cloud-init[941]: |     =.+.B + .   |
[   44.872581] cloud-init[941]: |    +.*.B.B.+    |
[   44.884808] cloud-init[941]: |   . =.===+=o    |
[   44.901489] cloud-init[941]: |    o.++=B.o..   |
[   44.902312] cloud-init[941]: +----[SHA256]-----+
[   44.905818] cloud-init[941]: Generating public/private ecdsa key pair.
[[0;32m  OK  [0m] Reached target Sockets.
[   44.906110] cloud-init[941]: Your identification has been saved in /etc/ssh/ssh_host_ecdsa_key.
[   45.017777] cloud-init[941]: Your public key has been saved in /etc/ssh/ssh_host_ecdsa_key.pub.
[[0;32m  OK  [0m] Reached target Basic System.
[   45.018191] cloud-init[941]: The key fingerprint is:
[   45.076873] cloud-init[941]: SHA256:nLAs6QzWs+rbTqJXFE1Wg9DKA1cBle/uCwzDsASsW/8 root@ubuntu-xenial
[   45.077917] cloud-init[941]: The key's randomart image is:
         Starting Accounts Service...
[   45.079854] cloud-init[941]: +---[ECDSA 256]---+
[   45.214024] cloud-init[941]: |o   oO*=o        |
[   45.214949] cloud-init[941]: | o. o.=  .       |
         Starting Apply the settings specified in cloud-config...
[   45.215362] cloud-init[941]: |. o+ o..         |
[   45.287635] cloud-init[941]: |...==o +..       |
[   45.301915] cloud-init[941]: | o+oO.o.S        |
[   45.302761] cloud-init[941]: |.. +oB  .        |
         Starting System Logging Service...
[   45.303082] cloud-init[941]: |  ..=.o.         |
[   45.455219] cloud-init[941]: | ..=  E..        |
[   45.455908] cloud-init[941]: |.o+oo  .o.       |
         Starting Pollinate to seed the pseudo random number generator...
[   45.456341] cloud-init[941]: +----[SHA256]-----+
[   45.494504] cloud-init[941]: Generating public/private ed25519 key pair.
[   45.544551] cloud-init[941]: Your identification has been saved in /etc/ssh/ssh_host_ed25519_key.
[   45.560752] cloud-init[941]: Your public key has been saved in /etc/ssh/ssh_host_ed25519_key.pub.
[   45.577255] cloud-init[941]: The key fingerprint is:
[   45.582950] cloud-init[941]: SHA256:NMm6maaN2rB3MNZ2oS1k3T0QRPE6/IU98b0qYJnlAOk root@ubuntu-xenial
[   45.591287] cloud-init[941]: The key's randomart image is:
[   45.628737] cloud-init[941]: +--[ED25519 256]--+
[   45.650615] cloud-init[941]: |        .o=o     |
[   45.656444] cloud-init[941]: |       + ...     |
[   45.656993] cloud-init[941]: |      ..*. o. .  |
         Starting Snappy daemon...
         Starting LSB: Record successful boot for GRUB...
[   45.657393] cloud-init[941]: |      oEo+.ooo o.|
[   45.712829] cloud-init[941]: |     +.oS.X ..+ o|
[   45.728888] cloud-init[941]: |    + =+o= + . ..|
[   45.737844] cloud-init[941]: |  .. +=o. . .  . |
[   45.748777] cloud-init[941]: |   +.=.    .  .  |
[   45.758895] cloud-init[941]: |  oo+..     ..   |
[   45.766646] cloud-init[941]: +----[SHA256]-----+
[[0;32m  OK  [0m] Started Regular background program processing daemon.
         Starting LXD - container startup/shutdown...
[[0;32m  OK  [0m] Started Deferred execution scheduler.
         Starting LSB: MD monitoring daemon...
         Starting Login Service...
[[0;32m  OK  [0m] Started D-Bus System Message Bus.
[[0;32m  OK  [0m] Started ACPI event daemon.
         Starting /etc/rc.local Compatibility...
[[0;32m  OK  [0m] Started FUSE filesystem for LXC.
[[0;32m  OK  [0m] Started Unattended Upgrades Shutdown.
[[0;32m  OK  [0m] Started System Logging Service.
[[0;32m  OK  [0m] Started iSCSI initiator daemon (iscsid).
         Starting Login to default iSCSI targets...
[[0;32m  OK  [0m] Started Login Service.
[   49.549646] cloud-init[1042]: Generating locales (this might take a while)...
[[0;32m  OK  [0m] Started /etc/rc.local Compatibility.
[[0;32m  OK  [0m] Started LSB: Record successful boot for GRUB.
[[0;32m  OK  [0m] Started LSB: MD monitoring daemon.
         Starting Authenticate and Authorize Users to Run Privileged Tasks...
[[0;32m  OK  [0m] Started Login to default iSCSI targets.
[[0;32m  OK  [0m] Reached target Remote File Systems (Pre).
[[0;32m  OK  [0m] Reached target Remote File Systems.
         Starting LSB: automatic crash report generation...
         Starting Permit User Sessions...
         Starting LSB: Set the CPU Frequency Scaling governor to "ondemand"...
         Starting LSB: VirtualBox Linux Additions...
         Starting LSB: daemon to balance interrupts for SMP systems...
[[0;32m  OK  [0m] Started LSB: Set the CPU Frequency Scaling governor to "ondemand".
[[0;32m  OK  [0m] Started LSB: automatic crash report generation.
[[0;32m  OK  [0m] Started Permit User Sessions.
         Starting Terminate Plymouth Boot Screen...
         Starting Hold until boot process finishes up...
[[0;32m  OK  [0m] Started Terminate Plymouth Boot Screen.
[[0;32m  OK  [0m] Started Hold until boot process finishes up.
[[0;32m  OK  [0m] Started Serial Getty on ttyS0.
[[0;32m  OK  [0m] Started Getty on tty1.
[[0;32m  OK  [0m] Reached target Login Prompts.
         Starting Set console scheme...
[[0;32m  OK  [0m] Started LSB: daemon to balance interrupts for SMP systems.
[[0;32m  OK  [0m] Started Authenticate and Authorize Users to Run Privileged Tasks.
[[0;32m  OK  [0m] Started Accounts Service.
[[0;32m  OK  [0m] Started Set console scheme.
[[0;32m  OK  [0m] Started LSB: VirtualBox Linux Additions.
[[0;32m  OK  [0m] Started LXD - container startup/shutdown.
[[0;32m  OK  [0m] Started Snappy daemon.
[   54.859634] cloud-init[1042]:   en_US.UTF-8... done
[   54.892652] cloud-init[1042]: Generation complete.
[[0;32m  OK  [0m] Started Pollinate to seed the pseudo random number generator.
         Starting OpenBSD Secure Shell server...
[[0;32m  OK  [0m] Started OpenBSD Secure Shell server.
[[0;32m  OK  [0m] Reached target Multi-User System.
[[0;32m  OK  [0m] Reached target Graphical Interface.
         Starting Update UTMP about System Runlevel Changes...

Ubuntu 16.04.3 LTS ubuntu-xenial ttyS0

ubuntu-xenial login: [   58.110070] cloud-init[1042]: Cloud-init v. 17.1 running 'modules:config' at Mon, 12 Feb 2018 22:58:01 +0000. Up 46.70 seconds.
ci-info: no authorized ssh keys fingerprints found for user ubuntu.
<14>Feb 12 22:58:14 ec2: 
<14>Feb 12 22:58:14 ec2: #############################################################
<14>Feb 12 22:58:14 ec2: -----BEGIN SSH HOST KEY FINGERPRINTS-----
<14>Feb 12 22:58:14 ec2: 1024 SHA256:Gz+qf7eAwjWcf6gnE5DjruHRHnx8wv6HwgrV/UZTTZQ root@ubuntu-xenial (DSA)
<14>Feb 12 22:58:14 ec2: 256 SHA256:nLAs6QzWs+rbTqJXFE1Wg9DKA1cBle/uCwzDsASsW/8 root@ubuntu-xenial (ECDSA)
<14>Feb 12 22:58:14 ec2: 256 SHA256:NMm6maaN2rB3MNZ2oS1k3T0QRPE6/IU98b0qYJnlAOk root@ubuntu-xenial (ED25519)
<14>Feb 12 22:58:14 ec2: 2048 SHA256:8keWZxAoZYXRdTO7vTfy1otf5Ek3etVvfxPVS+GVEZE root@ubuntu-xenial (RSA)
<14>Feb 12 22:58:14 ec2: -----END SSH HOST KEY FINGERPRINTS-----
<14>Feb 12 22:58:14 ec2: #############################################################
-----BEGIN SSH HOST KEY KEYS-----
ecdsa-sha2-nistp256 AAAAE2VjZHNhLXNoYTItbmlzdHAyNTYAAAAIbmlzdHAyNTYAAABBBGhw5eVqOIptcRp6AejC6bxvJGpPeSWwe6IpH+d7iNzAeqzhaFmb8tEnQd4vTsJzCvNn6unCMhOajwgHD1yW1bc= root@ubuntu-xenial
ssh-ed25519 AAAAC3NzaC1lZDI1NTE5AAAAIABgwsXmTIqOqGJA0KrYPh1woIAXYaYcpfkbTqRZk1WP root@ubuntu-xenial
ssh-rsa AAAAB3NzaC1yc2EAAAADAQABAAABAQDxWRJVaJLeL8yt3S95OGkBhosmnv737uAIaedSMZw2lRVFGBLkW685X0u242SVdBRE6L7Imp8xLJHJFxMo+Q/JaOIIDfpvoV64OCidDaAnKFt2KB33S3QiqnZVbElf2U2De1VJUN7N8YI/9T/V4CrNf1jsAN6lnX+LT+V25WYV8M2q/lqWLSQOCZKfW2mig248TVMgcmvGdiBl2EDeQR0LmAAF64+9W5/lSbjG2hpc/jQljiLVzfW3O7YRyYF3fvUm7aGDcxcaKitUKZELGnLPVEHCd+oQoP9UXt0xCNeuoRbGHuPXxnmYA9JB9QpG/vQEyYfFd0r6mRBwXZLZ5W5d root@ubuntu-xenial
-----END SSH HOST KEY KEYS-----
[   59.576367] cloud-init[1310]: Cloud-init v. 17.1 running 'modules:final' at Mon, 12 Feb 2018 22:58:14 +0000. Up 58.80 seconds.
[   59.576851] cloud-init[1310]: ci-info: no authorized ssh keys fingerprints found for user ubuntu.
[   59.577268] cloud-init[1310]: Cloud-init v. 17.1 finished at Mon, 12 Feb 2018 22:58:14 +0000. Datasource DataSourceNoCloud [seed=/dev/sdb][dsmode=net].  Up 59.54 seconds
